Update: Thu May  1 11:02:58 WIB 2025
Update: Fri May  2 09:10:29 WIB 2025
Update: Fri May  2 10:35:00 WIB 2025
Update: Sat May  3 10:35:00 WIB 2025
Update: Mon May  5 10:35:01 WIB 2025
Update: Tue May  6 01:29:42 WIB 2025
Update: Tue May  6 08:31:00 WIB 2025
Update: Tue May  6 10:35:00 WIB 2025
Update: Tue May  6 14:04:57 WIB 2025
Update: Wed May  7 10:35:00 WIB 2025
Update: Wed May  7 23:28:00 WIB 2025
Update: Thu May  8 10:35:03 WIB 2025
Update: Thu May  8 10:57:46 WIB 2025
Update: Fri May  9 09:08:51 WIB 2025
Update: Fri May  9 10:35:00 WIB 2025
Update: Sat May 10 10:00:45 WIB 2025
Update: Sat May 10 10:35:00 WIB 2025
Update: Sun May 11 07:59:21 WIB 2025
Update: Sun May 11 10:35:13 WIB 2025
Update: Mon May 12 09:28:48 WIB 2025
